<?xml version="1.0" encoding="UTF-8"?>
<testsuites>
  <testsuite name="register_handlers" timestamp="2024-08-01T15:15:17Z" hostname="a315c619e696" tests="20" skipped="0" failures="0" errors="0" time="0.135">
    <testcase time="0.00800000000000001" classname="register_handlers" name="parse_logger_message_correctly_works_on_condition_object"/>
    <testcase time="0.033" classname="register_handlers" name="parse_logger_message_correctly_works_on_condition_object"/>
    <testcase time="0.00700000000000001" classname="register_handlers" name="parse_logger_message_correctly_works_on_condition_object"/>
    <testcase time="0.0079999999999999" classname="register_handlers" name="parse_logger_message_includes_call_on_warnings_and_errors"/>
    <testcase time="0.002" classname="register_handlers" name="parse_logger_message_includes_call_on_warnings_and_errors"/>
    <testcase time="0.00800000000000001" classname="register_handlers" name="parse_logger_message_throws_if_not_supported_class_of_argument"/>
    <testcase time="0.00700000000000001" classname="register_handlers" name="register_handlers_throws_on_incorrect_namespace_argument_value"/>
    <testcase time="0.00800000000000001" classname="register_handlers" name="register_handlers_throws_on_incorrect_namespace_argument_value"/>
    <testcase time="0.004" classname="register_handlers" name="register_handlers_throws_on_incorrect_namespace_argument_value"/>
    <testcase time="0.00700000000000001" classname="register_handlers" name="register_handlers_throws_if_not_pre_registered_logger_namespace"/>
    <testcase time="0.00800000000000001" classname="register_handlers" name="register_handlers_throws_on_incorrect_package_argument_value"/>
    <testcase time="0.004" classname="register_handlers" name="register_handlers_throws_on_incorrect_package_argument_value"/>
    <testcase time="0.004" classname="register_handlers" name="register_handlers_throws_on_incorrect_package_argument_value"/>
    <testcase time="0.00600000000000001" classname="register_handlers" name="register_handlers_modifies_global_handlers"/>
    <testcase time="0.001" classname="register_handlers" name="register_handlers_modifies_global_handlers"/>
    <testcase time="0.00600000000000001" classname="register_handlers" name="register_handlers_has_no_effect_if_called_multiple_times"/>
    <testcase time="0.001" classname="register_handlers" name="register_handlers_has_no_effect_if_called_multiple_times"/>
    <testcase time="0.001" classname="register_handlers" name="register_handlers_has_no_effect_if_called_multiple_times"/>
    <testcase time="0.00700000000000001" classname="register_handlers" name="register_handlers_is_not_called_when_within_a_try_block"/>
    <testcase time="0.005" classname="register_handlers" name="register_handlers_is_not_called_when_within_a_withCallingHandlers_block"/>
  </testsuite>
  <testsuite name="register_logger" timestamp="2024-08-01T15:15:17Z" hostname="a315c619e696" tests="10" skipped="0" failures="0" errors="0" time="0.149">
    <testcase time="0.013" classname="register_logger" name="register_logger_accepts_a_character"/>
    <testcase time="0.00700000000000001" classname="register_logger" name="register_logger_throws_an_error_when_passed_an_invalid_namespace_argument"/>
    <testcase time="0.08" classname="register_logger" name="register_logger_throws_an_error_when_setting_the_logger_layout_fails"/>
    <testcase time="0.00700000000000001" classname="register_logger" name="register_logger_throws_an_error_if_the_passed_log_level_is_invalid"/>
    <testcase time="0.005" classname="register_logger" name="An_additional_logging_namespace_is_created_after_register_logger"/>
    <testcase time="0.004" classname="register_logger" name="register_logger_does_not_throw_if_passed_a_correct_logger_layout"/>
    <testcase time="0.004" classname="register_logger" name="register_logger_does_not_throw_if_passed_a_correct_logger_level"/>
    <testcase time="0.004" classname="register_logger" name="register_logger_does_not_throw_if_passed_NULL_to_either_log_layout_or_log_level_and_valid_options_are_set"/>
    <testcase time="0.004" classname="register_logger" name="register_logger_does_not_throw_if_passed_NULL_to_arguments_options_are_not_set_and_the_system_variables_are_set_to_valid_value"/>
    <testcase time="0.021" classname="register_logger" name="log_system_info_does_not_throw_an_error"/>
  </testsuite>
  <testsuite name="utils" timestamp="2024-08-01T15:15:17Z" hostname="a315c619e696" tests="7" skipped="0" failures="0" errors="0" time="0.035">
    <testcase time="0.015" classname="utils" name="get_val_correctly_reads_envvar"/>
    <testcase time="0.003" classname="utils" name="get_val_uses_option_if_envvar_is_missing"/>
    <testcase time="0.003" classname="utils" name="get_val_uses_envvar_if_both_envvar_and_option_are_available"/>
    <testcase time="0.00299999999999989" classname="utils" name="get_val_uses_the_default_if_both_envvar_and_option_are_missing"/>
    <testcase time="0.00600000000000001" classname="utils" name="get_val_default_accepts_different_types_of_data"/>
    <testcase time="0.001" classname="utils" name="get_val_default_accepts_different_types_of_data"/>
    <testcase time="0.004" classname="utils" name="get_val_default_accepts_different_types_of_data"/>
  </testsuite>
</testsuites>
